<?xml version="1.0" encoding="UTF-8"?>
<testsuite xmlns:xsi="http://www.w3.org/2001/XMLSchema-instance" xsi:noNamespaceSchemaLocation="https://maven.apache.org/surefire/maven-surefire-plugin/xsd/surefire-test-report-3.0.xsd" version="3.0" name="edu.hm.hafner.analysis.parser.IarParserTest" time="0.036" tests="5" errors="0" skipped="1" failures="0">
  <properties>
    <property name="gopherProxySet" value="false"/>
    <property name="awt.toolkit" value="sun.lwawt.macosx.LWCToolkit"/>
    <property name="java.specification.version" value="1.8"/>
    <property name="file.encoding.pkg" value="sun.io"/>
    <property name="sun.cpu.isalist" value=""/>
    <property name="sun.jnu.encoding" value="UTF-8"/>
    <property name="java.class.path" value="/Users/hafner/Development/git/warnings-ng-plugin-devenv/analysis-model/target/test-classes:/Users/hafner/Development/git/warnings-ng-plugin-devenv/analysis-model/target/classes:/Users/hafner/.m2/repository/edu/hm/hafner/codingstyle/1.4.0/codingstyle-1.4.0.jar:/Users/hafner/.m2/repository/org/apache/commons/commons-lang3/3.11/commons-lang3-3.11.jar:/Users/hafner/.m2/repository/commons-io/commons-io/2.7/commons-io-2.7.jar:/Users/hafner/.m2/repository/org/apache/commons/commons-digester3/3.2/commons-digester3-3.2.jar:/Users/hafner/.m2/repository/cglib/cglib/2.2.2/cglib-2.2.2.jar:/Users/hafner/.m2/repository/asm/asm/3.3.1/asm-3.3.1.jar:/Users/hafner/.m2/repository/commons-beanutils/commons-beanutils/1.8.3/commons-beanutils-1.8.3.jar:/Users/hafner/.m2/repository/commons-logging/commons-logging/1.1.1/commons-logging-1.1.1.jar:/Users/hafner/.m2/repository/org/apache/commons/commons-text/1.9/commons-text-1.9.jar:/Users/hafner/.m2/repository/org/eclipse/collections/eclipse-collections-api/9.2.0/eclipse-collections-api-9.2.0.jar:/Users/hafner/.m2/repository/org/eclipse/collections/eclipse-collections/9.2.0/eclipse-collections-9.2.0.jar:/Users/hafner/.m2/repository/se/bjurr/violations/violations-lib/1.121/violations-lib-1.121.jar:/Users/hafner/.m2/repository/com/j2html/j2html/1.4.0/j2html-1.4.0.jar:/Users/hafner/.m2/repository/org/jvnet/hudson/plugins/findbugs/library/6.0.4/library-6.0.4.jar:/Users/hafner/.m2/repository/org/json/json/20200518/json-20200518.jar:/Users/hafner/.m2/repository/edu/hm/hafner/codingstyle/1.4.0/codingstyle-1.4.0-tests.jar:/Users/hafner/.m2/repository/org/openjdk/jmh/jmh-core/1.25/jmh-core-1.25.jar:/Users/hafner/.m2/repository/net/sf/jopt-simple/jopt-simple/4.6/jopt-simple-4.6.jar:/Users/hafner/.m2/repository/org/apache/commons/commons-math3/3.2/commons-math3-3.2.jar:/Users/hafner/.m2/repository/org/openjdk/jmh/jmh-generator-annprocess/1.25/jmh-generator-annprocess-1.25.jar:/Users/hafner/.m2/repository/org/slf4j/slf4j-api/1.7.30/slf4j-api-1.7.30.jar:/Users/hafner/.m2/repository/org/slf4j/jul-to-slf4j/1.7.30/jul-to-slf4j-1.7.30.jar:/Users/hafner/.m2/repository/org/slf4j/slf4j-simple/1.7.30/slf4j-simple-1.7.30.jar:/Users/hafner/.m2/repository/com/github/spotbugs/spotbugs-annotations/4.1.2/spotbugs-annotations-4.1.2.jar:/Users/hafner/.m2/repository/com/google/code/findbugs/jsr305/3.0.2/jsr305-3.0.2.jar:/Users/hafner/.m2/repository/com/google/errorprone/error_prone_annotations/2.4.0/error_prone_annotations-2.4.0.jar:/Users/hafner/.m2/repository/org/junit/jupiter/junit-jupiter-api/5.6.2/junit-jupiter-api-5.6.2.jar:/Users/hafner/.m2/repository/org/apiguardian/apiguardian-api/1.1.0/apiguardian-api-1.1.0.jar:/Users/hafner/.m2/repository/org/opentest4j/opentest4j/1.2.0/opentest4j-1.2.0.jar:/Users/hafner/.m2/repository/org/junit/platform/junit-platform-commons/1.6.2/junit-platform-commons-1.6.2.jar:/Users/hafner/.m2/repository/org/junit/jupiter/junit-jupiter-engine/5.6.2/junit-jupiter-engine-5.6.2.jar:/Users/hafner/.m2/repository/org/junit/platform/junit-platform-engine/1.6.2/junit-platform-engine-1.6.2.jar:/Users/hafner/.m2/repository/org/junit/platform/junit-platform-launcher/1.6.2/junit-platform-launcher-1.6.2.jar:/Users/hafner/.m2/repository/org/junit/jupiter/junit-jupiter-params/5.6.2/junit-jupiter-params-5.6.2.jar:/Users/hafner/.m2/repository/org/mockito/mockito-core/3.5.2/mockito-core-3.5.2.jar:/Users/hafner/.m2/repository/net/bytebuddy/byte-buddy/1.10.13/byte-buddy-1.10.13.jar:/Users/hafner/.m2/repository/net/bytebuddy/byte-buddy-agent/1.10.13/byte-buddy-agent-1.10.13.jar:/Users/hafner/.m2/repository/org/objenesis/objenesis/3.1/objenesis-3.1.jar:/Users/hafner/.m2/repository/org/assertj/assertj-core/3.16.1/assertj-core-3.16.1.jar:/Users/hafner/.m2/repository/com/tngtech/archunit/archunit-junit5-api/0.14.1/archunit-junit5-api-0.14.1.jar:/Users/hafner/.m2/repository/com/tngtech/archunit/archunit/0.14.1/archunit-0.14.1.jar:/Users/hafner/.m2/repository/com/tngtech/archunit/archunit-junit5-engine/0.14.1/archunit-junit5-engine-0.14.1.jar:/Users/hafner/.m2/repository/com/tngtech/archunit/archunit-junit5-engine-api/0.14.1/archunit-junit5-engine-api-0.14.1.jar:"/>
    <property name="java.vm.vendor" value="AdoptOpenJDK"/>
    <property name="sun.arch.data.model" value="64"/>
    <property name="java.vendor.url" value="http://java.oracle.com/"/>
    <property name="user.timezone" value=""/>
    <property name="java.vm.specification.version" value="1.8"/>
    <property name="os.name" value="Mac OS X"/>
    <property name="user.country" value="DE"/>
    <property name="sun.java.launcher" value="SUN_STANDARD"/>
    <property name="sun.boot.library.path" value="/Library/Java/JavaVirtualMachines/adoptopenjdk-8.jdk/Contents/Home/jre/lib"/>
    <property name="sun.java.command" value="/Users/hafner/Development/git/warnings-ng-plugin-devenv/analysis-model/target/surefire/surefirebooter431926763254113053.jar /Users/hafner/Development/git/warnings-ng-plugin-devenv/analysis-model/target/surefire 2020-08-26T19-25-06_508-jvmRun1 surefire4779160207717667239tmp surefire_06531010171523417123tmp"/>
    <property name="http.nonProxyHosts" value="local|*.local|169.254/16|*.169.254/16"/>
    <property name="surefire.test.class.path" value="/Users/hafner/Development/git/warnings-ng-plugin-devenv/analysis-model/target/test-classes:/Users/hafner/Development/git/warnings-ng-plugin-devenv/analysis-model/target/classes:/Users/hafner/.m2/repository/edu/hm/hafner/codingstyle/1.4.0/codingstyle-1.4.0.jar:/Users/hafner/.m2/repository/org/apache/commons/commons-lang3/3.11/commons-lang3-3.11.jar:/Users/hafner/.m2/repository/commons-io/commons-io/2.7/commons-io-2.7.jar:/Users/hafner/.m2/repository/org/apache/commons/commons-digester3/3.2/commons-digester3-3.2.jar:/Users/hafner/.m2/repository/cglib/cglib/2.2.2/cglib-2.2.2.jar:/Users/hafner/.m2/repository/asm/asm/3.3.1/asm-3.3.1.jar:/Users/hafner/.m2/repository/commons-beanutils/commons-beanutils/1.8.3/commons-beanutils-1.8.3.jar:/Users/hafner/.m2/repository/commons-logging/commons-logging/1.1.1/commons-logging-1.1.1.jar:/Users/hafner/.m2/repository/org/apache/commons/commons-text/1.9/commons-text-1.9.jar:/Users/hafner/.m2/repository/org/eclipse/collections/eclipse-collections-api/9.2.0/eclipse-collections-api-9.2.0.jar:/Users/hafner/.m2/repository/org/eclipse/collections/eclipse-collections/9.2.0/eclipse-collections-9.2.0.jar:/Users/hafner/.m2/repository/se/bjurr/violations/violations-lib/1.121/violations-lib-1.121.jar:/Users/hafner/.m2/repository/com/j2html/j2html/1.4.0/j2html-1.4.0.jar:/Users/hafner/.m2/repository/org/jvnet/hudson/plugins/findbugs/library/6.0.4/library-6.0.4.jar:/Users/hafner/.m2/repository/org/json/json/20200518/json-20200518.jar:/Users/hafner/.m2/repository/edu/hm/hafner/codingstyle/1.4.0/codingstyle-1.4.0-tests.jar:/Users/hafner/.m2/repository/org/openjdk/jmh/jmh-core/1.25/jmh-core-1.25.jar:/Users/hafner/.m2/repository/net/sf/jopt-simple/jopt-simple/4.6/jopt-simple-4.6.jar:/Users/hafner/.m2/repository/org/apache/commons/commons-math3/3.2/commons-math3-3.2.jar:/Users/hafner/.m2/repository/org/openjdk/jmh/jmh-generator-annprocess/1.25/jmh-generator-annprocess-1.25.jar:/Users/hafner/.m2/repository/org/slf4j/slf4j-api/1.7.30/slf4j-api-1.7.30.jar:/Users/hafner/.m2/repository/org/slf4j/jul-to-slf4j/1.7.30/jul-to-slf4j-1.7.30.jar:/Users/hafner/.m2/repository/org/slf4j/slf4j-simple/1.7.30/slf4j-simple-1.7.30.jar:/Users/hafner/.m2/repository/com/github/spotbugs/spotbugs-annotations/4.1.2/spotbugs-annotations-4.1.2.jar:/Users/hafner/.m2/repository/com/google/code/findbugs/jsr305/3.0.2/jsr305-3.0.2.jar:/Users/hafner/.m2/repository/com/google/errorprone/error_prone_annotations/2.4.0/error_prone_annotations-2.4.0.jar:/Users/hafner/.m2/repository/org/junit/jupiter/junit-jupiter-api/5.6.2/junit-jupiter-api-5.6.2.jar:/Users/hafner/.m2/repository/org/apiguardian/apiguardian-api/1.1.0/apiguardian-api-1.1.0.jar:/Users/hafner/.m2/repository/org/opentest4j/opentest4j/1.2.0/opentest4j-1.2.0.jar:/Users/hafner/.m2/repository/org/junit/platform/junit-platform-commons/1.6.2/junit-platform-commons-1.6.2.jar:/Users/hafner/.m2/repository/org/junit/jupiter/junit-jupiter-engine/5.6.2/junit-jupiter-engine-5.6.2.jar:/Users/hafner/.m2/repository/org/junit/platform/junit-platform-engine/1.6.2/junit-platform-engine-1.6.2.jar:/Users/hafner/.m2/repository/org/junit/platform/junit-platform-launcher/1.6.2/junit-platform-launcher-1.6.2.jar:/Users/hafner/.m2/repository/org/junit/jupiter/junit-jupiter-params/5.6.2/junit-jupiter-params-5.6.2.jar:/Users/hafner/.m2/repository/org/mockito/mockito-core/3.5.2/mockito-core-3.5.2.jar:/Users/hafner/.m2/repository/net/bytebuddy/byte-buddy/1.10.13/byte-buddy-1.10.13.jar:/Users/hafner/.m2/repository/net/bytebuddy/byte-buddy-agent/1.10.13/byte-buddy-agent-1.10.13.jar:/Users/hafner/.m2/repository/org/objenesis/objenesis/3.1/objenesis-3.1.jar:/Users/hafner/.m2/repository/org/assertj/assertj-core/3.16.1/assertj-core-3.16.1.jar:/Users/hafner/.m2/repository/com/tngtech/archunit/archunit-junit5-api/0.14.1/archunit-junit5-api-0.14.1.jar:/Users/hafner/.m2/repository/com/tngtech/archunit/archunit/0.14.1/archunit-0.14.1.jar:/Users/hafner/.m2/repository/com/tngtech/archunit/archunit-junit5-engine/0.14.1/archunit-junit5-engine-0.14.1.jar:/Users/hafner/.m2/repository/com/tngtech/archunit/archunit-junit5-engine-api/0.14.1/archunit-junit5-engine-api-0.14.1.jar:"/>
    <property name="sun.cpu.endian" value="little"/>
    <property name="user.home" value="/Users/hafner"/>
    <property name="user.language" value="de"/>
    <property name="java.specification.vendor" value="Oracle Corporation"/>
    <property name="java.home" value="/Library/Java/JavaVirtualMachines/adoptopenjdk-8.jdk/Contents/Home/jre"/>
    <property name="basedir" value="/Users/hafner/Development/git/warnings-ng-plugin-devenv/analysis-model"/>
    <property name="file.separator" value="/"/>
    <property name="line.separator" value="&#10;"/>
    <property name="java.vm.specification.vendor" value="Oracle Corporation"/>
    <property name="java.specification.name" value="Java Platform API Specification"/>
    <property name="java.awt.graphicsenv" value="sun.awt.CGraphicsEnvironment"/>
    <property name="surefire.real.class.path" value="/Users/hafner/Development/git/warnings-ng-plugin-devenv/analysis-model/target/surefire/surefirebooter431926763254113053.jar:/Users/hafner/.m2/repository/org/jacoco/org.jacoco.agent/0.8.5/org.jacoco.agent-0.8.5-runtime.jar"/>
    <property name="sun.boot.class.path" value="/Library/Java/JavaVirtualMachines/adoptopenjdk-8.jdk/Contents/Home/jre/lib/resources.jar:/Library/Java/JavaVirtualMachines/adoptopenjdk-8.jdk/Contents/Home/jre/lib/rt.jar:/Library/Java/JavaVirtualMachines/adoptopenjdk-8.jdk/Contents/Home/jre/lib/sunrsasign.jar:/Library/Java/JavaVirtualMachines/adoptopenjdk-8.jdk/Contents/Home/jre/lib/jsse.jar:/Library/Java/JavaVirtualMachines/adoptopenjdk-8.jdk/Contents/Home/jre/lib/jce.jar:/Library/Java/JavaVirtualMachines/adoptopenjdk-8.jdk/Contents/Home/jre/lib/charsets.jar:/Library/Java/JavaVirtualMachines/adoptopenjdk-8.jdk/Contents/Home/jre/lib/jfr.jar:/Library/Java/JavaVirtualMachines/adoptopenjdk-8.jdk/Contents/Home/jre/classes"/>
    <property name="java.util.logging.config.file" value="logging.properties"/>
    <property name="sun.management.compiler" value="HotSpot 64-Bit Tiered Compilers"/>
    <property name="ftp.nonProxyHosts" value="local|*.local|169.254/16|*.169.254/16"/>
    <property name="java.runtime.version" value="1.8.0_265-b01"/>
    <property name="user.name" value="hafner"/>
    <property name="path.separator" value=":"/>
    <property name="os.version" value="10.15.5"/>
    <property name="java.endorsed.dirs" value="/Library/Java/JavaVirtualMachines/adoptopenjdk-8.jdk/Contents/Home/jre/lib/endorsed"/>
    <property name="java.runtime.name" value="OpenJDK Runtime Environment"/>
    <property name="file.encoding" value="UTF-8"/>
    <property name="java.vm.name" value="OpenJDK 64-Bit Server VM"/>
    <property name="localRepository" value="/Users/hafner/.m2/repository"/>
    <property name="java.vendor.url.bug" value="http://bugreport.sun.com/bugreport/"/>
    <property name="java.io.tmpdir" value="/var/folders/pg/qr8ry2kd4qjc151jhq9ksgx00000gn/T/"/>
    <property name="java.version" value="1.8.0_265"/>
    <property name="user.dir" value="/Users/hafner/Development/git/warnings-ng-plugin-devenv/analysis-model"/>
    <property name="os.arch" value="x86_64"/>
    <property name="java.vm.specification.name" value="Java Virtual Machine Specification"/>
    <property name="java.awt.printerjob" value="sun.lwawt.macosx.CPrinterJob"/>
    <property name="sun.os.patch.level" value="unknown"/>
    <property name="java.library.path" value="/Users/hafner/Library/Java/Extensions:/Library/Java/Extensions:/Network/Library/Java/Extensions:/System/Library/Java/Extensions:/usr/lib/java:."/>
    <property name="java.vm.info" value="mixed mode"/>
    <property name="java.vendor" value="AdoptOpenJDK"/>
    <property name="java.vm.version" value="25.265-b01"/>
    <property name="java.ext.dirs" value="/Users/hafner/Library/Java/Extensions:/Library/Java/JavaVirtualMachines/adoptopenjdk-8.jdk/Contents/Home/jre/lib/ext:/Library/Java/Extensions:/Network/Library/Java/Extensions:/System/Library/Java/Extensions:/usr/lib/java"/>
    <property name="sun.io.unicode.encoding" value="UnicodeBig"/>
    <property name="java.class.version" value="52.0"/>
    <property name="socksNonProxyHosts" value="local|*.local|169.254/16|*.169.254/16"/>
  </properties>
  <testcase name="shouldBeSerializable" classname="edu.hm.hafner.analysis.parser.IarParserTest" time="0.001"/>
  <testcase name="shouldParseAllIssues" classname="edu.hm.hafner.analysis.parser.IarParserTest" time="0.012"/>
  <testcase name="issue58159Utf8" classname="edu.hm.hafner.analysis.parser.IarParserTest" time="0.014"/>
  <testcase name="issue58159Utf16" classname="edu.hm.hafner.analysis.parser.IarParserTest" time="0">
    <skipped message="See JENKINS-58159 - Windows does not find all warnings - is the report file corrupt?"/>
  </testcase>
  <testcase name="issue55750" classname="edu.hm.hafner.analysis.parser.IarParserTest" time="0.006"/>
</testsuite>
