<?xml version="1.0" encoding="UTF-8"?>
<testsuite xmlns:xsi="http://www.w3.org/2001/XMLSchema-instance" xsi:noNamespaceSchemaLocation="https://maven.apache.org/surefire/maven-surefire-plugin/xsd/surefire-test-report-3.0.xsd" version="3.0" name="edu.hm.hafner.analysis.parser.SonarQubeIssuesParserTest" time="0.02" tests="5" errors="1" skipped="0" failures="0">
  <properties>
    <property name="sun.desktop" value="windows"/>
    <property name="awt.toolkit" value="sun.awt.windows.WToolkit"/>
    <property name="java.specification.version" value="11"/>
    <property name="sun.cpu.isalist" value="amd64"/>
    <property name="sun.jnu.encoding" value="Cp1252"/>
    <property name="java.class.path" value="C:\Users\Sebastian Huber\Documents\SwEngeneering\abgabe-1-ProfBits\target\test-classes;C:\Users\Sebastian Huber\Documents\SwEngeneering\abgabe-1-ProfBits\target\classes;C:\Users\Sebastian Huber\.m2\repository\edu\hm\hafner\codingstyle\2.1.0\codingstyle-2.1.0.jar;C:\Users\Sebastian Huber\.m2\repository\org\apache\commons\commons-lang3\3.12.0\commons-lang3-3.12.0.jar;C:\Users\Sebastian Huber\.m2\repository\commons-io\commons-io\2.8.0\commons-io-2.8.0.jar;C:\Users\Sebastian Huber\.m2\repository\org\apache\commons\commons-digester3\3.2\commons-digester3-3.2.jar;C:\Users\Sebastian Huber\.m2\repository\cglib\cglib\2.2.2\cglib-2.2.2.jar;C:\Users\Sebastian Huber\.m2\repository\commons-beanutils\commons-beanutils\1.8.3\commons-beanutils-1.8.3.jar;C:\Users\Sebastian Huber\.m2\repository\commons-logging\commons-logging\1.1.1\commons-logging-1.1.1.jar;C:\Users\Sebastian Huber\.m2\repository\org\apache\commons\commons-text\1.9\commons-text-1.9.jar;C:\Users\Sebastian Huber\.m2\repository\org\eclipse\collections\eclipse-collections-api\9.2.0\eclipse-collections-api-9.2.0.jar;C:\Users\Sebastian Huber\.m2\repository\org\eclipse\collections\eclipse-collections\9.2.0\eclipse-collections-9.2.0.jar;C:\Users\Sebastian Huber\.m2\repository\se\bjurr\violations\violations-lib\1.142\violations-lib-1.142.jar;C:\Users\Sebastian Huber\.m2\repository\com\j2html\j2html\1.4.0\j2html-1.4.0.jar;C:\Users\Sebastian Huber\.m2\repository\xerces\xercesImpl\2.12.1\xercesImpl-2.12.1.jar;C:\Users\Sebastian Huber\.m2\repository\xml-apis\xml-apis\1.4.01\xml-apis-1.4.01.jar;C:\Users\Sebastian Huber\.m2\repository\com\github\spotbugs\spotbugs\4.2.2\spotbugs-4.2.2.jar;C:\Users\Sebastian Huber\.m2\repository\org\ow2\asm\asm-analysis\9.1\asm-analysis-9.1.jar;C:\Users\Sebastian Huber\.m2\repository\org\ow2\asm\asm-commons\9.1\asm-commons-9.1.jar;C:\Users\Sebastian Huber\.m2\repository\org\ow2\asm\asm-tree\9.1\asm-tree-9.1.jar;C:\Users\Sebastian Huber\.m2\repository\org\ow2\asm\asm-util\9.1\asm-util-9.1.jar;C:\Users\Sebastian Huber\.m2\repository\org\apache\bcel\bcel\6.5.0\bcel-6.5.0.jar;C:\Users\Sebastian Huber\.m2\repository\net\jcip\jcip-annotations\1.0\jcip-annotations-1.0.jar;C:\Users\Sebastian Huber\.m2\repository\org\dom4j\dom4j\2.1.3\dom4j-2.1.3.jar;C:\Users\Sebastian Huber\.m2\repository\com\google\code\gson\gson\2.8.6\gson-2.8.6.jar;C:\Users\Sebastian Huber\.m2\repository\jaxen\jaxen\1.2.0\jaxen-1.2.0.jar;C:\Users\Sebastian Huber\.m2\repository\net\sf\saxon\Saxon-HE\10.3\Saxon-HE-10.3.jar;C:\Users\Sebastian Huber\.m2\repository\net\sourceforge\pmd\pmd-core\6.32.0\pmd-core-6.32.0.jar;C:\Users\Sebastian Huber\.m2\repository\org\antlr\antlr4-runtime\4.7.2\antlr4-runtime-4.7.2.jar;C:\Users\Sebastian Huber\.m2\repository\com\beust\jcommander\1.48\jcommander-1.48.jar;C:\Users\Sebastian Huber\.m2\repository\net\sourceforge\pmd\pmd-java\6.32.0\pmd-java-6.32.0.jar;C:\Users\Sebastian Huber\.m2\repository\org\json\json\20210307\json-20210307.jar;C:\Users\Sebastian Huber\.m2\repository\net\minidev\json-smart\2.3\json-smart-2.3.jar;C:\Users\Sebastian Huber\.m2\repository\net\minidev\accessors-smart\1.2\accessors-smart-1.2.jar;C:\Users\Sebastian Huber\.m2\repository\org\ow2\asm\asm\5.0.4\asm-5.0.4.jar;C:\Users\Sebastian Huber\.m2\repository\edu\hm\hafner\codingstyle\2.1.0\codingstyle-2.1.0-tests.jar;C:\Users\Sebastian Huber\.m2\repository\org\openjdk\jmh\jmh-core\1.28\jmh-core-1.28.jar;C:\Users\Sebastian Huber\.m2\repository\net\sf\jopt-simple\jopt-simple\4.6\jopt-simple-4.6.jar;C:\Users\Sebastian Huber\.m2\repository\org\apache\commons\commons-math3\3.2\commons-math3-3.2.jar;C:\Users\Sebastian Huber\.m2\repository\org\openjdk\jmh\jmh-generator-annprocess\1.28\jmh-generator-annprocess-1.28.jar;C:\Users\Sebastian Huber\.m2\repository\org\slf4j\slf4j-api\1.7.30\slf4j-api-1.7.30.jar;C:\Users\Sebastian Huber\.m2\repository\org\slf4j\jul-to-slf4j\1.7.30\jul-to-slf4j-1.7.30.jar;C:\Users\Sebastian Huber\.m2\repository\org\slf4j\slf4j-nop\1.7.30\slf4j-nop-1.7.30.jar;C:\Users\Sebastian Huber\.m2\repository\javax\annotation\javax.annotation-api\1.3.2\javax.annotation-api-1.3.2.jar;C:\Users\Sebastian Huber\.m2\repository\com\github\spotbugs\spotbugs-annotations\4.2.2\spotbugs-annotations-4.2.2.jar;C:\Users\Sebastian Huber\.m2\repository\com\google\code\findbugs\jsr305\3.0.2\jsr305-3.0.2.jar;C:\Users\Sebastian Huber\.m2\repository\com\google\errorprone\error_prone_annotations\2.5.1\error_prone_annotations-2.5.1.jar;C:\Users\Sebastian Huber\.m2\repository\org\junit\jupiter\junit-jupiter-api\5.7.1\junit-jupiter-api-5.7.1.jar;C:\Users\Sebastian Huber\.m2\repository\org\apiguardian\apiguardian-api\1.1.0\apiguardian-api-1.1.0.jar;C:\Users\Sebastian Huber\.m2\repository\org\opentest4j\opentest4j\1.2.0\opentest4j-1.2.0.jar;C:\Users\Sebastian Huber\.m2\repository\org\junit\platform\junit-platform-commons\1.7.1\junit-platform-commons-1.7.1.jar;C:\Users\Sebastian Huber\.m2\repository\org\junit\jupiter\junit-jupiter-engine\5.7.1\junit-jupiter-engine-5.7.1.jar;C:\Users\Sebastian Huber\.m2\repository\org\junit\platform\junit-platform-engine\1.7.1\junit-platform-engine-1.7.1.jar;C:\Users\Sebastian Huber\.m2\repository\org\junit\platform\junit-platform-launcher\1.7.1\junit-platform-launcher-1.7.1.jar;C:\Users\Sebastian Huber\.m2\repository\org\junit\jupiter\junit-jupiter-params\5.7.1\junit-jupiter-params-5.7.1.jar;C:\Users\Sebastian Huber\.m2\repository\org\mockito\mockito-core\3.8.0\mockito-core-3.8.0.jar;C:\Users\Sebastian Huber\.m2\repository\net\bytebuddy\byte-buddy\1.10.20\byte-buddy-1.10.20.jar;C:\Users\Sebastian Huber\.m2\repository\net\bytebuddy\byte-buddy-agent\1.10.20\byte-buddy-agent-1.10.20.jar;C:\Users\Sebastian Huber\.m2\repository\org\objenesis\objenesis\3.1\objenesis-3.1.jar;C:\Users\Sebastian Huber\.m2\repository\org\assertj\assertj-core\3.19.0\assertj-core-3.19.0.jar;C:\Users\Sebastian Huber\.m2\repository\com\tngtech\archunit\archunit-junit5\0.17.0\archunit-junit5-0.17.0.jar;C:\Users\Sebastian Huber\.m2\repository\com\tngtech\archunit\archunit-junit5-api\0.17.0\archunit-junit5-api-0.17.0.jar;C:\Users\Sebastian Huber\.m2\repository\com\tngtech\archunit\archunit\0.17.0\archunit-0.17.0.jar;C:\Users\Sebastian Huber\.m2\repository\com\tngtech\archunit\archunit-junit5-engine\0.17.0\archunit-junit5-engine-0.17.0.jar;C:\Users\Sebastian Huber\.m2\repository\com\tngtech\archunit\archunit-junit5-engine-api\0.17.0\archunit-junit5-engine-api-0.17.0.jar;"/>
    <property name="java.vm.vendor" value="JetBrains s.r.o"/>
    <property name="sun.arch.data.model" value="64"/>
    <property name="user.variant" value=""/>
    <property name="java.vendor.url" value="https://www.jetbrains.com/"/>
    <property name="user.timezone" value="Europe/Berlin"/>
    <property name="java.vm.specification.version" value="11"/>
    <property name="os.name" value="Windows 10"/>
    <property name="sun.java.launcher" value="SUN_STANDARD"/>
    <property name="user.country" value="DE"/>
    <property name="sun.boot.library.path" value="C:\Program Files\JetBrains\IntelliJ IDEA 2019.2.4\jbr\bin"/>
    <property name="sun.java.command" value="C:\Users\Sebastian Huber\AppData\Local\Temp\surefire5336986577707182883\surefirebooter3237971244656818444.jar C:\Users\Sebastian Huber\AppData\Local\Temp\surefire5336986577707182883 2021-04-08T12-55-02_305-jvmRun1 surefire1689662794487832287tmp surefire_0486925797680463176tmp"/>
    <property name="jdk.debug" value="release"/>
    <property name="surefire.test.class.path" value="C:\Users\Sebastian Huber\Documents\SwEngeneering\abgabe-1-ProfBits\target\test-classes;C:\Users\Sebastian Huber\Documents\SwEngeneering\abgabe-1-ProfBits\target\classes;C:\Users\Sebastian Huber\.m2\repository\edu\hm\hafner\codingstyle\2.1.0\codingstyle-2.1.0.jar;C:\Users\Sebastian Huber\.m2\repository\org\apache\commons\commons-lang3\3.12.0\commons-lang3-3.12.0.jar;C:\Users\Sebastian Huber\.m2\repository\commons-io\commons-io\2.8.0\commons-io-2.8.0.jar;C:\Users\Sebastian Huber\.m2\repository\org\apache\commons\commons-digester3\3.2\commons-digester3-3.2.jar;C:\Users\Sebastian Huber\.m2\repository\cglib\cglib\2.2.2\cglib-2.2.2.jar;C:\Users\Sebastian Huber\.m2\repository\commons-beanutils\commons-beanutils\1.8.3\commons-beanutils-1.8.3.jar;C:\Users\Sebastian Huber\.m2\repository\commons-logging\commons-logging\1.1.1\commons-logging-1.1.1.jar;C:\Users\Sebastian Huber\.m2\repository\org\apache\commons\commons-text\1.9\commons-text-1.9.jar;C:\Users\Sebastian Huber\.m2\repository\org\eclipse\collections\eclipse-collections-api\9.2.0\eclipse-collections-api-9.2.0.jar;C:\Users\Sebastian Huber\.m2\repository\org\eclipse\collections\eclipse-collections\9.2.0\eclipse-collections-9.2.0.jar;C:\Users\Sebastian Huber\.m2\repository\se\bjurr\violations\violations-lib\1.142\violations-lib-1.142.jar;C:\Users\Sebastian Huber\.m2\repository\com\j2html\j2html\1.4.0\j2html-1.4.0.jar;C:\Users\Sebastian Huber\.m2\repository\xerces\xercesImpl\2.12.1\xercesImpl-2.12.1.jar;C:\Users\Sebastian Huber\.m2\repository\xml-apis\xml-apis\1.4.01\xml-apis-1.4.01.jar;C:\Users\Sebastian Huber\.m2\repository\com\github\spotbugs\spotbugs\4.2.2\spotbugs-4.2.2.jar;C:\Users\Sebastian Huber\.m2\repository\org\ow2\asm\asm-analysis\9.1\asm-analysis-9.1.jar;C:\Users\Sebastian Huber\.m2\repository\org\ow2\asm\asm-commons\9.1\asm-commons-9.1.jar;C:\Users\Sebastian Huber\.m2\repository\org\ow2\asm\asm-tree\9.1\asm-tree-9.1.jar;C:\Users\Sebastian Huber\.m2\repository\org\ow2\asm\asm-util\9.1\asm-util-9.1.jar;C:\Users\Sebastian Huber\.m2\repository\org\apache\bcel\bcel\6.5.0\bcel-6.5.0.jar;C:\Users\Sebastian Huber\.m2\repository\net\jcip\jcip-annotations\1.0\jcip-annotations-1.0.jar;C:\Users\Sebastian Huber\.m2\repository\org\dom4j\dom4j\2.1.3\dom4j-2.1.3.jar;C:\Users\Sebastian Huber\.m2\repository\com\google\code\gson\gson\2.8.6\gson-2.8.6.jar;C:\Users\Sebastian Huber\.m2\repository\jaxen\jaxen\1.2.0\jaxen-1.2.0.jar;C:\Users\Sebastian Huber\.m2\repository\net\sf\saxon\Saxon-HE\10.3\Saxon-HE-10.3.jar;C:\Users\Sebastian Huber\.m2\repository\net\sourceforge\pmd\pmd-core\6.32.0\pmd-core-6.32.0.jar;C:\Users\Sebastian Huber\.m2\repository\org\antlr\antlr4-runtime\4.7.2\antlr4-runtime-4.7.2.jar;C:\Users\Sebastian Huber\.m2\repository\com\beust\jcommander\1.48\jcommander-1.48.jar;C:\Users\Sebastian Huber\.m2\repository\net\sourceforge\pmd\pmd-java\6.32.0\pmd-java-6.32.0.jar;C:\Users\Sebastian Huber\.m2\repository\org\json\json\20210307\json-20210307.jar;C:\Users\Sebastian Huber\.m2\repository\net\minidev\json-smart\2.3\json-smart-2.3.jar;C:\Users\Sebastian Huber\.m2\repository\net\minidev\accessors-smart\1.2\accessors-smart-1.2.jar;C:\Users\Sebastian Huber\.m2\repository\org\ow2\asm\asm\5.0.4\asm-5.0.4.jar;C:\Users\Sebastian Huber\.m2\repository\edu\hm\hafner\codingstyle\2.1.0\codingstyle-2.1.0-tests.jar;C:\Users\Sebastian Huber\.m2\repository\org\openjdk\jmh\jmh-core\1.28\jmh-core-1.28.jar;C:\Users\Sebastian Huber\.m2\repository\net\sf\jopt-simple\jopt-simple\4.6\jopt-simple-4.6.jar;C:\Users\Sebastian Huber\.m2\repository\org\apache\commons\commons-math3\3.2\commons-math3-3.2.jar;C:\Users\Sebastian Huber\.m2\repository\org\openjdk\jmh\jmh-generator-annprocess\1.28\jmh-generator-annprocess-1.28.jar;C:\Users\Sebastian Huber\.m2\repository\org\slf4j\slf4j-api\1.7.30\slf4j-api-1.7.30.jar;C:\Users\Sebastian Huber\.m2\repository\org\slf4j\jul-to-slf4j\1.7.30\jul-to-slf4j-1.7.30.jar;C:\Users\Sebastian Huber\.m2\repository\org\slf4j\slf4j-nop\1.7.30\slf4j-nop-1.7.30.jar;C:\Users\Sebastian Huber\.m2\repository\javax\annotation\javax.annotation-api\1.3.2\javax.annotation-api-1.3.2.jar;C:\Users\Sebastian Huber\.m2\repository\com\github\spotbugs\spotbugs-annotations\4.2.2\spotbugs-annotations-4.2.2.jar;C:\Users\Sebastian Huber\.m2\repository\com\google\code\findbugs\jsr305\3.0.2\jsr305-3.0.2.jar;C:\Users\Sebastian Huber\.m2\repository\com\google\errorprone\error_prone_annotations\2.5.1\error_prone_annotations-2.5.1.jar;C:\Users\Sebastian Huber\.m2\repository\org\junit\jupiter\junit-jupiter-api\5.7.1\junit-jupiter-api-5.7.1.jar;C:\Users\Sebastian Huber\.m2\repository\org\apiguardian\apiguardian-api\1.1.0\apiguardian-api-1.1.0.jar;C:\Users\Sebastian Huber\.m2\repository\org\opentest4j\opentest4j\1.2.0\opentest4j-1.2.0.jar;C:\Users\Sebastian Huber\.m2\repository\org\junit\platform\junit-platform-commons\1.7.1\junit-platform-commons-1.7.1.jar;C:\Users\Sebastian Huber\.m2\repository\org\junit\jupiter\junit-jupiter-engine\5.7.1\junit-jupiter-engine-5.7.1.jar;C:\Users\Sebastian Huber\.m2\repository\org\junit\platform\junit-platform-engine\1.7.1\junit-platform-engine-1.7.1.jar;C:\Users\Sebastian Huber\.m2\repository\org\junit\platform\junit-platform-launcher\1.7.1\junit-platform-launcher-1.7.1.jar;C:\Users\Sebastian Huber\.m2\repository\org\junit\jupiter\junit-jupiter-params\5.7.1\junit-jupiter-params-5.7.1.jar;C:\Users\Sebastian Huber\.m2\repository\org\mockito\mockito-core\3.8.0\mockito-core-3.8.0.jar;C:\Users\Sebastian Huber\.m2\repository\net\bytebuddy\byte-buddy\1.10.20\byte-buddy-1.10.20.jar;C:\Users\Sebastian Huber\.m2\repository\net\bytebuddy\byte-buddy-agent\1.10.20\byte-buddy-agent-1.10.20.jar;C:\Users\Sebastian Huber\.m2\repository\org\objenesis\objenesis\3.1\objenesis-3.1.jar;C:\Users\Sebastian Huber\.m2\repository\org\assertj\assertj-core\3.19.0\assertj-core-3.19.0.jar;C:\Users\Sebastian Huber\.m2\repository\com\tngtech\archunit\archunit-junit5\0.17.0\archunit-junit5-0.17.0.jar;C:\Users\Sebastian Huber\.m2\repository\com\tngtech\archunit\archunit-junit5-api\0.17.0\archunit-junit5-api-0.17.0.jar;C:\Users\Sebastian Huber\.m2\repository\com\tngtech\archunit\archunit\0.17.0\archunit-0.17.0.jar;C:\Users\Sebastian Huber\.m2\repository\com\tngtech\archunit\archunit-junit5-engine\0.17.0\archunit-junit5-engine-0.17.0.jar;C:\Users\Sebastian Huber\.m2\repository\com\tngtech\archunit\archunit-junit5-engine-api\0.17.0\archunit-junit5-engine-api-0.17.0.jar;"/>
    <property name="sun.cpu.endian" value="little"/>
    <property name="user.home" value="C:\Users\Sebastian Huber"/>
    <property name="user.language" value="de"/>
    <property name="java.specification.vendor" value="Oracle Corporation"/>
    <property name="java.version.date" value="2019-07-16"/>
    <property name="java.home" value="C:\Program Files\JetBrains\IntelliJ IDEA 2019.2.4\jbr"/>
    <property name="file.separator" value="\"/>
    <property name="basedir" value="C:\Users\Sebastian Huber\Documents\SwEngeneering\abgabe-1-ProfBits"/>
    <property name="java.vm.compressedOopsMode" value="32-bit"/>
    <property name="line.separator" value="&#10;"/>
    <property name="idea.version2019.2.4" value="true"/>
    <property name="java.specification.name" value="Java Platform API Specification"/>
    <property name="java.vm.specification.vendor" value="Oracle Corporation"/>
    <property name="java.awt.graphicsenv" value="sun.awt.Win32GraphicsEnvironment"/>
    <property name="surefire.real.class.path" value="C:\Users\Sebastian Huber\AppData\Local\Temp\surefire5336986577707182883\surefirebooter3237971244656818444.jar"/>
    <property name="user.script" value=""/>
    <property name="java.util.logging.config.file" value="logging.properties"/>
    <property name="sun.management.compiler" value="HotSpot 64-Bit Tiered Compilers"/>
    <property name="java.runtime.version" value="11.0.4+10-b304.77"/>
    <property name="user.name" value="Sebastian Huber"/>
    <property name="path.separator" value=";"/>
    <property name="os.version" value="10.0"/>
    <property name="java.runtime.name" value="OpenJDK Runtime Environment"/>
    <property name="file.encoding" value="Cp1252"/>
    <property name="java.vm.name" value="OpenJDK 64-Bit Server VM"/>
    <property name="localRepository" value="C:\Users\Sebastian Huber\.m2\repository"/>
    <property name="java.vendor.url.bug" value="https://youtrack.jetbrains.com"/>
    <property name="java.io.tmpdir" value="C:\Users\SEBAST~1\AppData\Local\Temp\"/>
    <property name="java.version" value="11.0.4"/>
    <property name="user.dir" value="C:\Users\Sebastian Huber\Documents\SwEngeneering\abgabe-1-ProfBits"/>
    <property name="os.arch" value="amd64"/>
    <property name="java.vm.specification.name" value="Java Virtual Machine Specification"/>
    <property name="java.awt.printerjob" value="sun.awt.windows.WPrinterJob"/>
    <property name="sun.os.patch.level" value=""/>
    <property name="java.library.path" value="C:\Program Files\JetBrains\IntelliJ IDEA 2019.2.4\jbr\bin;C:\WINDOWS\Sun\Java\bin;C:\WINDOWS\system32;C:\WINDOWS;C:\Program Files (x86)\Python37-32\Scripts\;C:\Program Files (x86)\Python37-32\;C:\WINDOWS\system32;C:\WINDOWS;C:\WINDOWS\System32\Wbem;C:\WINDOWS\System32\WindowsPowerShell\v1.0\;C:\WINDOWS\System32\OpenSSH\;C:\Program Files\Microsoft VS Code\bin;C:\Program Files\Git\cmd;C:\Program Files\dotnet\;C:\Program Files\Microsoft SQL Server\130\Tools\Binn\;C:\Program Files\Microsoft SQL Server\Client SDK\ODBC\170\Tools\Binn\;C:\Program Files (x86)\vmb;C:\Program Files\Graphviz 2.44.1\bin\;C:\OpenJDK\jdk-13\bin;C:\ProgramData\chocolatey\bin;C:\Program Files (x86)\dotnet\;C:\Program Files\MATLAB\R2021a\bin;C:\Users\Sebastian Huber\AppData\Roaming\local\bin;C:\Users\Sebastian Huber\AppData\Local\Microsoft\WindowsApps;C:\Users\Sebastian Huber\AppData\Roaming\cabal\bin;C:\tools\ghc-9.0.1\bin;C:\tools\msys64;C:\Users\Sebastian Huber\.dotnet\tools;."/>
    <property name="java.vendor" value="JetBrains s.r.o"/>
    <property name="java.vm.info" value="mixed mode, sharing"/>
    <property name="java.vm.version" value="11.0.4+10-b304.77"/>
    <property name="sun.io.unicode.encoding" value="UnicodeLittle"/>
    <property name="java.class.version" value="55.0"/>
  </properties>
  <testcase name="shouldBeSerializable" classname="edu.hm.hafner.analysis.parser.SonarQubeIssuesParserTest" time="0"/>
  <testcase name="shouldParseEmptyFile" classname="edu.hm.hafner.analysis.parser.SonarQubeIssuesParserTest" time="0">
    <error type="org.json.JSONException"><![CDATA[org.json.JSONException: Missing value at 0 [character 1 line 1]
]]></error>
  </testcase>
  <testcase name="shouldParseAllIssues" classname="edu.hm.hafner.analysis.parser.SonarQubeIssuesParserTest" time="0.01"/>
  <testcase name="reportApiMultiModuleTest" classname="edu.hm.hafner.analysis.parser.SonarQubeIssuesParserTest" time="0.008"/>
  <testcase name="shouldAcceptDifferentialFile" classname="edu.hm.hafner.analysis.parser.SonarQubeIssuesParserTest" time="0.002"/>
</testsuite>